Determining if the pthread_create exist failed with the following output:
Change Dir: /home/robot/me212Code/MobileRobot/catkin_ws/build/CMakeFiles/CMakeTmp

Run Build Command:"/usr/bin/make" "cmTC_b41a8/fast"
/usr/bin/make -f CMakeFiles/cmTC_b41a8.dir/build.make CMakeFiles/cmTC_b41a8.dir/build
make[1]: Entering directory '/home/robot/me212Code/MobileRobot/catkin_ws/build/CMakeFiles/CMakeTmp'
Building C object CMakeFiles/cmTC_b41a8.dir/CheckSymbolExists.c.o
/usr/bin/cc     -o CMakeFiles/cmTC_b41a8.dir/CheckSymbolExists.c.o   -c /home/robot/me212Code/MobileRobot/catkin_ws/build/CMakeFiles/CMakeTmp/CheckSymbolExists.c
Linking C executable cmTC_b41a8
/usr/bin/cmake -E cmake_link_script CMakeFiles/cmTC_b41a8.dir/link.txt --verbose=1
/usr/bin/cc       CMakeFiles/cmTC_b41a8.dir/CheckSymbolExists.c.o  -o cmTC_b41a8 -rdynamic 
CMakeFiles/cmTC_b41a8.dir/CheckSymbolExists.c.o: In function `main':
CheckSymbolExists.c:(.text+0x16): undefined reference to `pthread_create'
collect2: error: ld returned 1 exit status
CMakeFiles/cmTC_b41a8.dir/build.make:97: recipe for target 'cmTC_b41a8' failed
make[1]: *** [cmTC_b41a8] Error 1
make[1]: Leaving directory '/home/robot/me212Code/MobileRobot/catkin_ws/build/CMakeFiles/CMakeTmp'
Makefile:126: recipe for target 'cmTC_b41a8/fast' failed
make: *** [cmTC_b41a8/fast] Error 2

File /home/robot/me212Code/MobileRobot/catkin_ws/build/CMakeFiles/CMakeTmp/CheckSymbolExists.c:
/* */
#include <pthread.h>

int main(int argc, char** argv)
{
  (void)argv;
#ifndef pthread_create
  return ((int*)(&pthread_create))[argc];
#else
  (void)argc;
  return 0;
#endif
}

Determining if the function pthread_create exists in the pthreads failed with the following output:
Change Dir: /home/robot/me212Code/MobileRobot/catkin_ws/build/CMakeFiles/CMakeTmp

Run Build Command:"/usr/bin/make" "cmTC_19e9d/fast"
/usr/bin/make -f CMakeFiles/cmTC_19e9d.dir/build.make CMakeFiles/cmTC_19e9d.dir/build
make[1]: Entering directory '/home/robot/me212Code/MobileRobot/catkin_ws/build/CMakeFiles/CMakeTmp'
Building C object CMakeFiles/cmTC_19e9d.dir/CheckFunctionExists.c.o
/usr/bin/cc    -DCHECK_FUNCTION_EXISTS=pthread_create   -o CMakeFiles/cmTC_19e9d.dir/CheckFunctionExists.c.o   -c /usr/share/cmake-3.5/Modules/CheckFunctionExists.c
Linking C executable cmTC_19e9d
/usr/bin/cmake -E cmake_link_script CMakeFiles/cmTC_19e9d.dir/link.txt --verbose=1
/usr/bin/cc   -DCHECK_FUNCTION_EXISTS=pthread_create    CMakeFiles/cmTC_19e9d.dir/CheckFunctionExists.c.o  -o cmTC_19e9d -rdynamic -lpthreads 
/usr/bin/ld: cannot find -lpthreads
collect2: error: ld returned 1 exit status
CMakeFiles/cmTC_19e9d.dir/build.make:97: recipe for target 'cmTC_19e9d' failed
make[1]: *** [cmTC_19e9d] Error 1
make[1]: Leaving directory '/home/robot/me212Code/MobileRobot/catkin_ws/build/CMakeFiles/CMakeTmp'
Makefile:126: recipe for target 'cmTC_19e9d/fast' failed
make: *** [cmTC_19e9d/fast] Error 2


